<?xml version="1.0" encoding="UTF-8"?>
<testng-results skipped="0" failed="0" ignored="0" total="2" passed="2">
  <reporter-output>
    <line>
      <![CDATA[a]]>
    </line>
  </reporter-output>
  <suite name="Suite" duration-ms="21807" started-at="2022-04-18T20:40:45Z" finished-at="2022-04-18T20:41:07Z">
    <groups>
    </groups>
    <test name="Test" duration-ms="21807" started-at="2022-04-18T20:40:45Z" finished-at="2022-04-18T20:41:07Z">
      <class name="com.test.actitime.ActitimeTEST">
        <test-method status="PASS" signature="setup()[pri:0, instance:com.test.actitime.ActitimeTEST@6e4784bc]" name="setup" is-config="true" duration-ms="5544" started-at="2022-04-18T20:40:45Z" finished-at="2022-04-18T20:40:50Z">
          <reporter-output>
          </reporter-output>
        </test-method> <!-- setup -->
        <test-method status="PASS" signature="login()[pri:0, instance:com.test.actitime.ActitimeTEST@6e4784bc]" name="login" duration-ms="16239" started-at="2022-04-18T20:40:50Z" finished-at="2022-04-18T20:41:07Z">
          <reporter-output>
          </reporter-output>
        </test-method> <!-- login -->
        <test-method status="PASS" signature="teardown()[pri:0, instance:com.test.actitime.ActitimeTEST@6e4784bc]" name="teardown" is-config="true" duration-ms="0" started-at="2022-04-18T20:41:07Z" finished-at="2022-04-18T20:41:07Z">
          <reporter-output>
          </reporter-output>
        </test-method> <!-- teardown -->
      </class> <!-- com.test.actitime.ActitimeTEST -->
      <class name="com.test.actitime.NewClass">
        <test-method status="PASS" signature="a()[pri:0, instance:com.test.actitime.NewClass@34b7ac2f]" name="a" duration-ms="1" started-at="2022-04-18T20:41:07Z" finished-at="2022-04-18T20:41:07Z">
          <reporter-output>
            <line>
              <![CDATA[a]]>
            </line>
          </reporter-output>
        </test-method> <!-- a -->
      </class> <!-- com.test.actitime.NewClass -->
    </test> <!-- Test -->
  </suite> <!-- Suite -->
</testng-results>
