<?xml version="1.0" encoding="UTF-8"?>
<testng-results skipped="0" failed="0" ignored="0" total="1" passed="1">
  <reporter-output>
  </reporter-output>
  <suite name="Suite" duration-ms="21340" started-at="2022-03-28T02:47:12Z" finished-at="2022-03-28T02:47:33Z">
    <groups>
    </groups>
    <test name="Test" duration-ms="21340" started-at="2022-03-28T02:47:12Z" finished-at="2022-03-28T02:47:33Z">
      <class name="com.test.actitime.ActitimeTEST">
        <test-method status="PASS" signature="setup()[pri:0, instance:com.test.actitime.ActitimeTEST@5a63f509]" name="setup" is-config="true" duration-ms="4853" started-at="2022-03-28T02:47:12Z" finished-at="2022-03-28T02:47:17Z">
          <reporter-output>
          </reporter-output>
        </test-method> <!-- setup -->
        <test-method status="PASS" signature="login()[pri:0, instance:com.test.actitime.ActitimeTEST@5a63f509]" name="login" duration-ms="16472" started-at="2022-03-28T02:47:17Z" finished-at="2022-03-28T02:47:33Z">
          <reporter-output>
          </reporter-output>
        </test-method> <!-- login -->
        <test-method status="PASS" signature="teardown()[pri:0, instance:com.test.actitime.ActitimeTEST@5a63f509]" name="teardown" is-config="true" duration-ms="0" started-at="2022-03-28T02:47:33Z" finished-at="2022-03-28T02:47:33Z">
          <reporter-output>
          </reporter-output>
        </test-method> <!-- teardown -->
      </class> <!-- com.test.actitime.ActitimeTEST -->
    </test> <!-- Test -->
  </suite> <!-- Suite -->
</testng-results>
